<?xml version="1.0" encoding="UTF-8"?>
<!-- Generated by org.testng.reporters.JUnitReportReporter -->
<testsuite skipped="0" hostname="Ashwin-PC" name="com.fcrm.scripts.VerifyLoginLogout" tests="1" failures="0" timestamp="14 May 2018 05:41:48 GMT" time="14.160" errors="0">
  <testcase name="testLoginLogout1" time="14.160" classname="com.fcrm.scripts.VerifyLoginLogout"/>
</testsuite> <!-- com.fcrm.scripts.VerifyLoginLogout -->
