<?xml version="1.0" encoding="UTF-8"?>
<!-- Generated by org.testng.reporters.JUnitReportReporter -->
<testsuite skipped="0" hostname="Ashwin-PC" name="com.fcrm.scripts.VerifyLoginLogout2" tests="1" failures="0" timestamp="14 May 2018 05:50:21 GMT" time="25.140" errors="0">
  <testcase name="testLoginLogout1" time="25.140" classname="com.fcrm.scripts.VerifyLoginLogout2"/>
</testsuite> <!-- com.fcrm.scripts.VerifyLoginLogout2 -->
